
*** Running vivado
    with args -log memoria.vds -m64 -product Vivado -mode batch -messageDb vivado.pb -notrace -source memoria.tcl


****** Vivado v2018.3 (64-bit)
  **** SW Build 2405991 on Thu Dec  6 23:38:27 MST 2018
  **** IP Build 2404404 on Fri Dec  7 01:43:56 MST 2018
    ** Copyright 1986-2018 Xilinx, Inc. All Rights Reserved.

source memoria.tcl -notrace
Command: synth_design -top memoria -part xc7a100tcsg324-1
Starting synth_design
Attempting to get a license for feature 'Synthesis' and/or device 'xc7a100t'
INFO: [Common 17-349] Got license for feature 'Synthesis' and/or device 'xc7a100t'
INFO: Launching helper process for spawning children vivado processes
INFO: Helper process launched with PID 7192 
---------------------------------------------------------------------------------
Starting Synthesize : Time (s): cpu = 00:00:03 ; elapsed = 00:00:04 . Memory (MB): peak = 361.621 ; gain = 100.215
---------------------------------------------------------------------------------
INFO: [Synth 8-638] synthesizing module 'memoria' [C:/Users/yosaf/Desktop/Sexto/Arquitectura/Practica6/practica_6/practica_6.srcs/sources_1/new/memoria.vhd:18]
	Parameter m bound to: 11 - type: integer 
	Parameter n bound to: 16 - type: integer 
INFO: [Synth 8-256] done synthesizing module 'memoria' (1#1) [C:/Users/yosaf/Desktop/Sexto/Arquitectura/Practica6/practica_6/practica_6.srcs/sources_1/new/memoria.vhd:18]
---------------------------------------------------------------------------------
Finished Synthesize : Time (s): cpu = 00:00:12 ; elapsed = 00:00:15 . Memory (MB): peak = 548.598 ; gain = 287.191
---------------------------------------------------------------------------------
---------------------------------------------------------------------------------
Finished Constraint Validation : Time (s): cpu = 00:00:13 ; elapsed = 00:00:16 . Memory (MB): peak = 548.598 ; gain = 287.191
---------------------------------------------------------------------------------
---------------------------------------------------------------------------------
Start Loading Part and Timing Information
---------------------------------------------------------------------------------
Loading part: xc7a100tcsg324-1
---------------------------------------------------------------------------------
Finished Loading Part and Timing Information : Time (s): cpu = 00:00:13 ; elapsed = 00:00:16 . Memory (MB): peak = 548.598 ; gain = 287.191
INFO: [Device 21-403] Loading part xc7a100tcsg324-1
---------------------------------------------------------------------------------
INFO: [Synth 8-5546] ROM "mem_reg[0]" won't be mapped to RAM because it is too sparse
INFO: [Synth 8-5546] ROM "mem_reg[1]" won't be mapped to RAM because it is too sparse
INFO: [Synth 8-5546] ROM "mem_reg[2]" won't be mapped to RAM because it is too sparse
INFO: [Synth 8-5546] ROM "mem_reg[3]" won't be mapped to RAM because it is too sparse
INFO: [Synth 8-5546] ROM "mem_reg[4]" won't be mapped to RAM because it is too sparse
INFO: [Synth 8-5546] ROM "mem_reg[5]" won't be mapped to RAM because it is too sparse
INFO: [Synth 8-5546] ROM "mem_reg[6]" won't be mapped to RAM because it is too sparse
INFO: [Synth 8-5546] ROM "mem_reg[7]" won't be mapped to RAM because it is too sparse
INFO: [Synth 8-5546] ROM "mem_reg[8]" won't be mapped to RAM because it is too sparse
INFO: [Synth 8-5546] ROM "mem_reg[9]" won't be mapped to RAM because it is too sparse
INFO: [Synth 8-5546] ROM "mem_reg[10]" won't be mapped to RAM because it is too sparse
INFO: [Synth 8-5546] ROM "mem_reg[11]" won't be mapped to RAM because it is too sparse
INFO: [Synth 8-5546] ROM "mem_reg[12]" won't be mapped to RAM because it is too sparse
INFO: [Synth 8-5546] ROM "mem_reg[13]" won't be mapped to RAM because it is too sparse
INFO: [Synth 8-5546] ROM "mem_reg[14]" won't be mapped to RAM because it is too sparse
INFO: [Synth 8-5546] ROM "mem_reg[15]" won't be mapped to RAM because it is too sparse
INFO: [Synth 8-5546] ROM "mem_reg[16]" won't be mapped to RAM because it is too sparse
INFO: [Synth 8-5546] ROM "mem_reg[17]" won't be mapped to RAM because it is too sparse
INFO: [Synth 8-5546] ROM "mem_reg[18]" won't be mapped to RAM because it is too sparse
INFO: [Synth 8-5546] ROM "mem_reg[19]" won't be mapped to RAM because it is too sparse
INFO: [Synth 8-5546] ROM "mem_reg[20]" won't be mapped to RAM because it is too sparse
INFO: [Synth 8-5546] ROM "mem_reg[21]" won't be mapped to RAM because it is too sparse
INFO: [Synth 8-5546] ROM "mem_reg[22]" won't be mapped to RAM because it is too sparse
INFO: [Synth 8-5546] ROM "mem_reg[23]" won't be mapped to RAM because it is too sparse
INFO: [Synth 8-5546] ROM "mem_reg[24]" won't be mapped to RAM because it is too sparse
INFO: [Synth 8-5546] ROM "mem_reg[25]" won't be mapped to RAM because it is too sparse
INFO: [Synth 8-5546] ROM "mem_reg[26]" won't be mapped to RAM because it is too sparse
INFO: [Synth 8-5546] ROM "mem_reg[27]" won't be mapped to RAM because it is too sparse
INFO: [Synth 8-5546] ROM "mem_reg[28]" won't be mapped to RAM because it is too sparse
INFO: [Synth 8-5546] ROM "mem_reg[29]" won't be mapped to RAM because it is too sparse
INFO: [Synth 8-5546] ROM "mem_reg[30]" won't be mapped to RAM because it is too sparse
INFO: [Synth 8-5546] ROM "mem_reg[31]" won't be mapped to RAM because it is too sparse
INFO: [Synth 8-5546] ROM "mem_reg[32]" won't be mapped to RAM because it is too sparse
INFO: [Synth 8-5546] ROM "mem_reg[33]" won't be mapped to RAM because it is too sparse
INFO: [Synth 8-5546] ROM "mem_reg[34]" won't be mapped to RAM because it is too sparse
INFO: [Synth 8-5546] ROM "mem_reg[35]" won't be mapped to RAM because it is too sparse
INFO: [Synth 8-5546] ROM "mem_reg[36]" won't be mapped to RAM because it is too sparse
INFO: [Synth 8-5546] ROM "mem_reg[37]" won't be mapped to RAM because it is too sparse
INFO: [Synth 8-5546] ROM "mem_reg[38]" won't be mapped to RAM because it is too sparse
INFO: [Synth 8-5546] ROM "mem_reg[39]" won't be mapped to RAM because it is too sparse
INFO: [Synth 8-5546] ROM "mem_reg[40]" won't be mapped to RAM because it is too sparse
INFO: [Synth 8-5546] ROM "mem_reg[41]" won't be mapped to RAM because it is too sparse
INFO: [Synth 8-5546] ROM "mem_reg[42]" won't be mapped to RAM because it is too sparse
INFO: [Synth 8-5546] ROM "mem_reg[43]" won't be mapped to RAM because it is too sparse
INFO: [Synth 8-5546] ROM "mem_reg[44]" won't be mapped to RAM because it is too sparse
INFO: [Synth 8-5546] ROM "mem_reg[45]" won't be mapped to RAM because it is too sparse
INFO: [Synth 8-5546] ROM "mem_reg[46]" won't be mapped to RAM because it is too sparse
INFO: [Synth 8-5546] ROM "mem_reg[47]" won't be mapped to RAM because it is too sparse
INFO: [Synth 8-5546] ROM "mem_reg[48]" won't be mapped to RAM because it is too sparse
INFO: [Synth 8-5546] ROM "mem_reg[49]" won't be mapped to RAM because it is too sparse
INFO: [Synth 8-5546] ROM "mem_reg[50]" won't be mapped to RAM because it is too sparse
INFO: [Synth 8-5546] ROM "mem_reg[51]" won't be mapped to RAM because it is too sparse
INFO: [Synth 8-5546] ROM "mem_reg[52]" won't be mapped to RAM because it is too sparse
INFO: [Synth 8-5546] ROM "mem_reg[53]" won't be mapped to RAM because it is too sparse
INFO: [Synth 8-5546] ROM "mem_reg[54]" won't be mapped to RAM because it is too sparse
INFO: [Synth 8-5546] ROM "mem_reg[55]" won't be mapped to RAM because it is too sparse
INFO: [Synth 8-5546] ROM "mem_reg[56]" won't be mapped to RAM because it is too sparse
INFO: [Synth 8-5546] ROM "mem_reg[57]" won't be mapped to RAM because it is too sparse
INFO: [Synth 8-5546] ROM "mem_reg[58]" won't be mapped to RAM because it is too sparse
INFO: [Synth 8-5546] ROM "mem_reg[59]" won't be mapped to RAM because it is too sparse
INFO: [Synth 8-5546] ROM "mem_reg[60]" won't be mapped to RAM because it is too sparse
INFO: [Synth 8-5546] ROM "mem_reg[61]" won't be mapped to RAM because it is too sparse
INFO: [Synth 8-5546] ROM "mem_reg[62]" won't be mapped to RAM because it is too sparse
INFO: [Synth 8-5546] ROM "mem_reg[63]" won't be mapped to RAM because it is too sparse
INFO: [Synth 8-5546] ROM "mem_reg[64]" won't be mapped to RAM because it is too sparse
INFO: [Synth 8-5546] ROM "mem_reg[65]" won't be mapped to RAM because it is too sparse
INFO: [Synth 8-5546] ROM "mem_reg[66]" won't be mapped to RAM because it is too sparse
INFO: [Synth 8-5546] ROM "mem_reg[67]" won't be mapped to RAM because it is too sparse
INFO: [Synth 8-5546] ROM "mem_reg[68]" won't be mapped to RAM because it is too sparse
INFO: [Synth 8-5546] ROM "mem_reg[69]" won't be mapped to RAM because it is too sparse
INFO: [Synth 8-5546] ROM "mem_reg[70]" won't be mapped to RAM because it is too sparse
INFO: [Synth 8-5546] ROM "mem_reg[71]" won't be mapped to RAM because it is too sparse
INFO: [Synth 8-5546] ROM "mem_reg[72]" won't be mapped to RAM because it is too sparse
INFO: [Synth 8-5546] ROM "mem_reg[73]" won't be mapped to RAM because it is too sparse
INFO: [Synth 8-5546] ROM "mem_reg[74]" won't be mapped to RAM because it is too sparse
INFO: [Synth 8-5546] ROM "mem_reg[75]" won't be mapped to RAM because it is too sparse
INFO: [Synth 8-5546] ROM "mem_reg[76]" won't be mapped to RAM because it is too sparse
INFO: [Synth 8-5546] ROM "mem_reg[77]" won't be mapped to RAM because it is too sparse
INFO: [Synth 8-5546] ROM "mem_reg[78]" won't be mapped to RAM because it is too sparse
INFO: [Synth 8-5546] ROM "mem_reg[79]" won't be mapped to RAM because it is too sparse
INFO: [Synth 8-5546] ROM "mem_reg[80]" won't be mapped to RAM because it is too sparse
INFO: [Synth 8-5546] ROM "mem_reg[81]" won't be mapped to RAM because it is too sparse
INFO: [Synth 8-5546] ROM "mem_reg[82]" won't be mapped to RAM because it is too sparse
INFO: [Synth 8-5546] ROM "mem_reg[83]" won't be mapped to RAM because it is too sparse
INFO: [Synth 8-5546] ROM "mem_reg[84]" won't be mapped to RAM because it is too sparse
INFO: [Synth 8-5546] ROM "mem_reg[85]" won't be mapped to RAM because it is too sparse
INFO: [Synth 8-5546] ROM "mem_reg[86]" won't be mapped to RAM because it is too sparse
INFO: [Synth 8-5546] ROM "mem_reg[87]" won't be mapped to RAM because it is too sparse
INFO: [Synth 8-5546] ROM "mem_reg[88]" won't be mapped to RAM because it is too sparse
INFO: [Synth 8-5546] ROM "mem_reg[89]" won't be mapped to RAM because it is too sparse
INFO: [Synth 8-5546] ROM "mem_reg[90]" won't be mapped to RAM because it is too sparse
INFO: [Synth 8-5546] ROM "mem_reg[91]" won't be mapped to RAM because it is too sparse
INFO: [Synth 8-5546] ROM "mem_reg[92]" won't be mapped to RAM because it is too sparse
INFO: [Synth 8-5546] ROM "mem_reg[93]" won't be mapped to RAM because it is too sparse
INFO: [Synth 8-5546] ROM "mem_reg[94]" won't be mapped to RAM because it is too sparse
INFO: [Synth 8-5546] ROM "mem_reg[95]" won't be mapped to RAM because it is too sparse
INFO: [Synth 8-5546] ROM "mem_reg[96]" won't be mapped to RAM because it is too sparse
INFO: [Synth 8-5546] ROM "mem_reg[97]" won't be mapped to RAM because it is too sparse
INFO: [Synth 8-5546] ROM "mem_reg[98]" won't be mapped to RAM because it is too sparse
INFO: [Synth 8-5546] ROM "mem_reg[99]" won't be mapped to RAM because it is too sparse
INFO: [Common 17-14] Message 'Synth 8-5546' appears 100 times and further instances of the messages will be disabled. Use the Tcl command set_msg_config to change the current settings.
---------------------------------------------------------------------------------
Finished RTL Optimization Phase 2 : Time (s): cpu = 00:00:39 ; elapsed = 00:00:45 . Memory (MB): peak = 705.086 ; gain = 443.680
---------------------------------------------------------------------------------

Report RTL Partitions: 
+------+--------------+------------+----------+
|      |RTL Partition |Replication |Instances |
+------+--------------+------------+----------+
|1     |memoria__GB0  |           1|     34080|
|2     |memoria__GB1  |           1|      8528|
|3     |memoria__GB2  |           1|     10656|
|4     |memoria__GB3  |           1|     15336|
|5     |memoria__GB4  |           1|     25894|
+------+--------------+------------+----------+
No constraint files found.
---------------------------------------------------------------------------------
Start RTL Component Statistics 
---------------------------------------------------------------------------------
Detailed RTL Component Info : 
+---Registers : 
	               16 Bit    Registers := 2048  
+---Muxes : 
	   2 Input      1 Bit        Muxes := 2048  
---------------------------------------------------------------------------------
Finished RTL Component Statistics 
---------------------------------------------------------------------------------
---------------------------------------------------------------------------------
Start RTL Hierarchical Component Statistics 
---------------------------------------------------------------------------------
Hierarchical RTL Component report 
Module memoria 
Detailed RTL Component Info : 
+---Registers : 
	               16 Bit    Registers := 2048  
+---Muxes : 
	   2 Input      1 Bit        Muxes := 2048  
---------------------------------------------------------------------------------
Finished RTL Hierarchical Component Statistics
---------------------------------------------------------------------------------
---------------------------------------------------------------------------------
Start Part Resource Summary
---------------------------------------------------------------------------------
Part Resources:
DSPs: 240 (col length:80)
BRAMs: 270 (col length: RAMB18 80 RAMB36 40)
---------------------------------------------------------------------------------
Finished Part Resource Summary
---------------------------------------------------------------------------------
No constraint files found.
---------------------------------------------------------------------------------
Start Cross Boundary and Area Optimization
---------------------------------------------------------------------------------
Warning: Parallel synthesis criteria is not met 
---------------------------------------------------------------------------------
Finished Cross Boundary and Area Optimization : Time (s): cpu = 00:01:25 ; elapsed = 00:01:37 . Memory (MB): peak = 821.645 ; gain = 560.238
---------------------------------------------------------------------------------

Report RTL Partitions: 
+------+--------------+------------+----------+
|      |RTL Partition |Replication |Instances |
+------+--------------+------------+----------+
|1     |memoria__GB0  |           1|     34080|
|2     |memoria__GB1  |           1|      8528|
|3     |memoria__GB2  |           1|     10656|
|4     |memoria__GB3  |           1|     10856|
|5     |memoria__GB4  |           1|      6119|
+------+--------------+------------+----------+
No constraint files found.
---------------------------------------------------------------------------------
Start Timing Optimization
---------------------------------------------------------------------------------
---------------------------------------------------------------------------------
Finished Timing Optimization : Time (s): cpu = 00:01:25 ; elapsed = 00:01:38 . Memory (MB): peak = 821.645 ; gain = 560.238
---------------------------------------------------------------------------------

Report RTL Partitions: 
+------+--------------+------------+----------+
|      |RTL Partition |Replication |Instances |
+------+--------------+------------+----------+
|1     |memoria__GB0  |           1|     34080|
|2     |memoria__GB1  |           1|      8528|
|3     |memoria__GB2  |           1|     10656|
|4     |memoria__GB3  |           1|     10856|
|5     |memoria__GB4  |           1|      6119|
+------+--------------+------------+----------+
---------------------------------------------------------------------------------
Start Technology Mapping
---------------------------------------------------------------------------------
---------------------------------------------------------------------------------
Finished Technology Mapping : Time (s): cpu = 00:01:36 ; elapsed = 00:01:49 . Memory (MB): peak = 821.645 ; gain = 560.238
---------------------------------------------------------------------------------

Report RTL Partitions: 
+-+--------------+------------+----------+
| |RTL Partition |Replication |Instances |
+-+--------------+------------+----------+
+-+--------------+------------+----------+
---------------------------------------------------------------------------------
Start IO Insertion
---------------------------------------------------------------------------------
---------------------------------------------------------------------------------
Start Flattening Before IO Insertion
---------------------------------------------------------------------------------
---------------------------------------------------------------------------------
Finished Flattening Before IO Insertion
---------------------------------------------------------------------------------
---------------------------------------------------------------------------------
Start Final Netlist Cleanup
---------------------------------------------------------------------------------
---------------------------------------------------------------------------------
Finished Final Netlist Cleanup
---------------------------------------------------------------------------------
---------------------------------------------------------------------------------
Finished IO Insertion : Time (s): cpu = 00:01:40 ; elapsed = 00:01:52 . Memory (MB): peak = 821.645 ; gain = 560.238
---------------------------------------------------------------------------------

Report Check Netlist: 
+------+------------------+-------+---------+-------+------------------+
|      |Item              |Errors |Warnings |Status |Description       |
+------+------------------+-------+---------+-------+------------------+
|1     |multi_driven_nets |      0|        0|Passed |Multi driven nets |
+------+------------------+-------+---------+-------+------------------+
---------------------------------------------------------------------------------
Start Renaming Generated Instances
---------------------------------------------------------------------------------
---------------------------------------------------------------------------------
Finished Renaming Generated Instances : Time (s): cpu = 00:01:40 ; elapsed = 00:01:53 . Memory (MB): peak = 821.645 ; gain = 560.238
---------------------------------------------------------------------------------

Report RTL Partitions: 
+-+--------------+------------+----------+
| |RTL Partition |Replication |Instances |
+-+--------------+------------+----------+
+-+--------------+------------+----------+
---------------------------------------------------------------------------------
Start Rebuilding User Hierarchy
---------------------------------------------------------------------------------
---------------------------------------------------------------------------------
Finished Rebuilding User Hierarchy : Time (s): cpu = 00:01:41 ; elapsed = 00:01:53 . Memory (MB): peak = 821.645 ; gain = 560.238
---------------------------------------------------------------------------------
---------------------------------------------------------------------------------
Start Renaming Generated Ports
---------------------------------------------------------------------------------
---------------------------------------------------------------------------------
Finished Renaming Generated Ports : Time (s): cpu = 00:01:41 ; elapsed = 00:01:54 . Memory (MB): peak = 821.645 ; gain = 560.238
---------------------------------------------------------------------------------
---------------------------------------------------------------------------------
Start Handling Custom Attributes
---------------------------------------------------------------------------------
---------------------------------------------------------------------------------
Finished Handling Custom Attributes : Time (s): cpu = 00:01:42 ; elapsed = 00:01:54 . Memory (MB): peak = 821.645 ; gain = 560.238
---------------------------------------------------------------------------------
---------------------------------------------------------------------------------
Start Renaming Generated Nets
---------------------------------------------------------------------------------
---------------------------------------------------------------------------------
Finished Renaming Generated Nets : Time (s): cpu = 00:01:42 ; elapsed = 00:01:55 . Memory (MB): peak = 821.645 ; gain = 560.238
---------------------------------------------------------------------------------
---------------------------------------------------------------------------------
Start Writing Synthesis Report
---------------------------------------------------------------------------------

Report BlackBoxes: 
+-+--------------+----------+
| |BlackBox name |Instances |
+-+--------------+----------+
+-+--------------+----------+

Report Cell Usage: 
+------+------+------+
|      |Cell  |Count |
+------+------+------+
|1     |BUFG  |     1|
|2     |LUT2  |   118|
|3     |LUT3  |    19|
|4     |LUT4  |   270|
|5     |LUT5  |     5|
|6     |LUT6  | 10798|
|7     |MUXF7 |  4368|
|8     |MUXF8 |  2176|
|9     |FDRE  | 32768|
|10    |IBUF  |    29|
|11    |OBUF  |    16|
+------+------+------+

Report Instance Areas: 
+------+---------+-------+------+
|      |Instance |Module |Cells |
+------+---------+-------+------+
|1     |top      |       | 50568|
+------+---------+-------+------+
---------------------------------------------------------------------------------
Finished Writing Synthesis Report : Time (s): cpu = 00:01:42 ; elapsed = 00:01:55 . Memory (MB): peak = 821.645 ; gain = 560.238
---------------------------------------------------------------------------------
Synthesis finished with 0 errors, 0 critical warnings and 0 warnings.
Synthesis Optimization Runtime : Time (s): cpu = 00:01:42 ; elapsed = 00:01:55 . Memory (MB): peak = 821.645 ; gain = 560.238
Synthesis Optimization Complete : Time (s): cpu = 00:01:42 ; elapsed = 00:01:55 . Memory (MB): peak = 821.645 ; gain = 560.238
INFO: [Project 1-571] Translating synthesized netlist
INFO: [Netlist 29-17] Analyzing 6544 Unisim elements for replacement
INFO: [Netlist 29-28] Unisim Transformation completed in 0 CPU seconds
WARNING: [Netlist 29-101] Netlist 'memoria' is not ideal for floorplanning, since the cellview 'memoria' contains a large number of primitives.  Please consider enabling hierarchy in synthesis if you want to do floorplanning.
INFO: [Project 1-570] Preparing netlist for logic optimization
INFO: [Opt 31-138] Pushed 0 inverter(s) to 0 load pin(s).
Netlist sorting complete. Time (s): cpu = 00:00:00 ; elapsed = 00:00:00.017 . Memory (MB): peak = 821.645 ; gain = 0.000
INFO: [Project 1-111] Unisim Transformation Summary:
No Unisim elements were transformed.

INFO: [Common 17-83] Releasing license: Synthesis
112 Infos, 1 Warnings, 0 Critical Warnings and 0 Errors encountered.
synth_design completed successfully
synth_design: Time (s): cpu = 00:03:49 ; elapsed = 00:04:08 . Memory (MB): peak = 821.645 ; gain = 573.539
Netlist sorting complete. Time (s): cpu = 00:00:00 ; elapsed = 00:00:00.015 . Memory (MB): peak = 821.645 ; gain = 0.000
WARNING: [Constraints 18-5210] No constraints selected for write.
Resolution: This message can indicate that there are no constraints for the design, or it can indicate that the used_in flags are set such that the constraints are ignored. This later case is used when running synth_design to not write synthesis constraints to the resulting checkpoint. Instead, project constraints are read when the synthesized design is opened.
INFO: [Common 17-1381] The checkpoint 'C:/Users/yosaf/Desktop/Sexto/Arquitectura/Practica6/practica_6/practica_6.runs/synth_1/memoria.dcp' has been generated.
write_checkpoint: Time (s): cpu = 00:00:09 ; elapsed = 00:00:07 . Memory (MB): peak = 821.645 ; gain = 0.000
INFO: [runtcl-4] Executing : report_utilization -file memoria_utilization_synth.rpt -pb memoria_utilization_synth.pb
INFO: [Common 17-206] Exiting Vivado at Fri Apr 30 21:14:27 2021...
